<?xml version="1.0" encoding="utf-8"?><testsuites name="pytest tests"><testsuite name="pytest" errors="0" failures="1" skipped="0" tests="743" time="196.392" timestamp="2026-09-12T22:09:50.704111+08:00" hostname="mayouxuans-MacBook-Pro.local"><testcase classname="tests.test_agent_interpretation" name="test_a_fabricated_number_never_reaches_the_page" time="0.001" /><testcase classname="tests.test_agent_interpretation" name="test_a_rejection_tells_the_agent_exactly_what_was_wrong" time="0.000" /><testcase classname="tests.test_agent_interpretation" name="test_a_fabricated_number_in_a_caveat_is_caught_too" time="0.000" /><testcase classname="tests.test_agent_interpretation" name="test_verified_prose_discloses_that_an_agent_wrote_it" time="0.000" /><testcase classname="tests.test_agent_interpretation" name="test_the_fact_sheet_the_agent_sees_is_the_one_the_checker_uses" time="0.000" /><testcase classname="tests.test_agent_interpretation" name="test_section_numbers_are_not_treated_as_claims" time="0.000" /><testcase classname="tests.test_agent_interpretation" name="test_rounding_is_allowed_but_rewriting_is_not[49,999 \u6761-True]" time="0.000" /><testcase classname="tests.test_agent_interpretation" name="test_rounding_is_allowed_but_rewriting_is_not[50,000 \u6761-False]" time="0.000" /><testcase classname="tests.test_agent_interpretation" name="test_rounding_is_allowed_but_rewriting_is_not[\u03ba=0.82-True]" time="0.000" /><testcase classname="tests.test_agent_interpretation" name="test_rounding_is_allowed_but_rewriting_is_not[\u03ba=0.80-False]" time="0.000" /><testcase classname="tests.test_agent_interpretation" name="test_rounding_is_allowed_but_rewriting_is_not[9.9%-True]" time="0.000" /><testcase classname="tests.test_agent_interpretation" name="test_rounding_is_allowed_but_rewriting_is_not[10%-True]" time="0.000" /><testcase classname="tests.test_agent_interpretation" name="test_rounding_is_allowed_but_rewriting_is_not[12%-False]" time="0.000" /><testcase classname="tests.test_agent_interpretation" name="test_rounding_is_allowed_but_rewriting_is_not[36 \u4e2a\u53f6-True]" time="0.000" /><testcase classname="tests.test_agent_interpretation" name="test_rounding_is_allowed_but_rewriting_is_not[35 \u4e2a\u53f6-False]" time="0.000" /><testcase classname="tests.test_annotator_concurrency" name="test_each_annotators_labels_come_back_as_its_own" time="0.000" /><testcase classname="tests.test_annotator_concurrency" name="test_query_order_is_preserved_for_positional_pairing" time="0.055" /><testcase classname="tests.test_annotator_concurrency" name="test_they_actually_overlap_in_time" time="0.001" /><testcase classname="tests.test_annotator_concurrency" name="test_offline_stays_sequential" time="0.000" /><testcase classname="tests.test_annotator_concurrency" name="test_the_flag_turns_it_off" time="0.000" /><testcase classname="tests.test_annotator_concurrency" name="test_a_failure_names_the_annotator_and_waits_for_the_other" time="0.056" /><testcase classname="tests.test_annotator_concurrency" name="test_both_failing_reports_both" time="0.001" /><testcase classname="tests.test_annotator_concurrency" name="test_an_empty_batch_is_a_failure_not_a_labelled_batch" time="0.003" /><testcase classname="tests.test_annotator_concurrency" name="test_a_short_batch_is_retried_and_can_recover" time="0.000" /><testcase classname="tests.test_branch_join_guard" name="test_a_missing_branch_halts_with_a_gate_instead_of_raising" time="0.009" /><testcase classname="tests.test_branch_join_guard" name="test_nothing_is_returned_when_every_branch_arrived" time="0.004" /><testcase classname="tests.test_concurrent_branches" name="test_the_two_branches_stay_the_same_length" time="0.000" /><testcase classname="tests.test_concurrent_branches" name="test_the_branches_are_disjoint_and_reach_the_join" time="0.000" /><testcase classname="tests.test_concurrent_branches" name="test_the_bottom_up_branch_reads_nothing_the_top_down_branch_writes" time="0.004" /><testcase classname="tests.test_concurrent_branches" name="test_the_naming_phase_stays_downstream_of_the_gold_set" time="0.000" /><testcase classname="tests.test_concurrent_branches" name="test_every_channel_a_forked_branch_writes_has_a_reducer" time="0.000" /><testcase classname="tests.test_concurrent_branches" name="test_the_phase_reducer_is_commutative_and_total" time="0.000" /><testcase classname="tests.test_concurrent_branches" name="test_the_prescription_counter_is_incremented_under_the_lock" time="0.000" /><testcase classname="tests.test_concurrent_branches" name="test_two_branches_cannot_be_handed_the_same_prescription_id" time="0.006" /><testcase classname="tests.test_concurrent_branches" name="test_the_artifact_index_survives_concurrent_writers" time="0.005" /><testcase classname="tests.test_concurrent_branches" name="test_deps_cache_does_not_rebuild_the_same_artifact_twice[8]" time="0.001" /><testcase classname="tests.test_concurrent_branches" name="test_the_decision_id_is_read_inside_the_lock_not_just_incremented" time="0.019" /><testcase classname="tests.test_concurrent_branches" name="test_the_fork_can_be_turned_off_and_the_phases_are_unchanged" time="0.115" /><testcase classname="tests.test_concurrent_branches" name="test_the_join_refuses_to_run_when_a_branch_never_arrived" time="0.000"><failure message="AssertionError: assert False is True&#10; +  where False = namespace(name='p2c_both_branches_arrived', halts_run=False, passed=False, observed={'missing_branch_phases': ['p2b_go...在 --resume 触发回卷之后: 回卷只恢复了第一个 superstep 的分叉。用 `qmine new-generation` 开一个新 generation 并**一次性**跑完 (不要中途重启), 缓存会重放已付费的调用。').halts_run">def test_the_join_refuses_to_run_when_a_branch_never_arrived():
        """A dropped branch must halt loudly, not produce a half-pipeline quietly.
    
        On live41 gen03 a resumed run rewound with `update_state(as_node="p1_audit")`.
        The fan-out was restored for the FIRST superstep — p2a and p3 both ran — and
        not for the second: `p456_tree` was queued from p3's completion and
        `p2b_gold` never was. The run then carried on through P4, P5 and P6 emitting
        healthy gates for 40 minutes, and would have reached the join with **no gold
        set at all** — the classifier's only training data.
    
        That is the worst shape a failure can take here: everything downstream still
        produces artifacts, so nothing looks wrong. Compare a fresh run, where the
        fork works — gen01 started `P4 algorithm battery` and `P2b gold` in the same
        second.
    
        The gate is RETURNED rather than registered, because `deps.gate` only builds
        the record; a gate the node discards cannot halt anything.
        """
        from types import SimpleNamespace
    
        from qmine.graph.build import BOTTOMUP_BRANCH, TOPDOWN_BRANCH
        from qmine.graph.nodes.topdown import _require_both_branches
    
        emitted: list[str] = []
        built: dict = {}
    
        def _gate(name, phase=None, **kw):
            g = SimpleNamespace(name=name, halts_run=bool(kw.get("blocking"))
                                and not kw.get("passed", True), **kw)
            built[name] = g
            return g
    
        deps = SimpleNamespace(emit=emitted.append, gate=_gate)
        every = [n for n, _ in (*TOPDOWN_BRANCH, *BOTTOMUP_BRANCH)]
    
        # All branches arrived: no gate, no halt, nothing in the way.
        ok = _require_both_branches({"phase_status": {n: "ok" for n in every}}, deps)
        assert ok == {}, f"a complete run was blocked: {ok}"
        assert not built
    
        # The live41 shape: the top-down branch's second node never ran.
        partial = {n: "ok" for n in every if n != "p2b_gold"}
        stop = _require_both_branches({"phase_status": partial}, deps)
        assert stop.get("halted") is True, "a missing branch did not halt the run"
        assert "p2b_gold" in stop["halt_reason"]
        # The gate must be IN the returned state, or `_gate_router` can never see it.
        assert "p2c_both_branches_arrived" in stop.get("gates", {}), (
            "the gate was built but not returned — it cannot halt anything")
&gt;       assert stop["gates"]["p2c_both_branches_arrived"].halts_run is True
E       AssertionError: assert False is True
E        +  where False = namespace(name='p2c_both_branches_arrived', halts_run=False, passed=False, observed={'missing_branch_phases': ['p2b_go...在 --resume 触发回卷之后: 回卷只恢复了第一个 superstep 的分叉。用 `qmine new-generation` 开一个新 generation 并**一次性**跑完 (不要中途重启), 缓存会重放已付费的调用。').halts_run

tests/test_concurrent_branches.py:435: AssertionError</failure></testcase><testcase classname="tests.test_cost_accounting" name="test_spend_is_measured_at_the_routed_models_prices" time="0.000" /><testcase classname="tests.test_cost_accounting" name="test_suffixed_roles_are_priced_by_their_base_role" time="0.000" /><testcase classname="tests.test_cost_accounting" name="test_the_longest_matching_base_wins" time="0.000" /><testcase classname="tests.test_cost_accounting" name="test_a_role_with_no_published_price_is_named_not_guessed" time="0.000" /><testcase classname="tests.test_cost_accounting" name="test_no_prices_at_all_still_produces_a_number_and_says_so" time="0.000" /><testcase classname="tests.test_delivery_audit" name="test_a_correct_sourced_edit_is_applied" time="0.001" /><testcase classname="tests.test_delivery_audit" name="test_the_pre_edit_file_is_kept" time="0.001" /><testcase classname="tests.test_delivery_audit" name="test_an_anchor_that_is_not_there_is_refused" time="0.000" /><testcase classname="tests.test_delivery_audit" name="test_an_ambiguous_anchor_is_refused" time="0.000" /><testcase classname="tests.test_delivery_audit" name="test_a_number_not_in_the_cited_artifact_is_refused" time="0.000" /><testcase classname="tests.test_delivery_audit" name="test_the_citation_defines_the_pool_not_the_whole_run" time="0.000" /><testcase classname="tests.test_delivery_audit" name="test_an_uncited_edit_is_refused" time="0.000" /><testcase classname="tests.test_delivery_audit" name="test_an_edit_that_deletes_a_number_without_replacing_it_is_refused" time="0.000" /><testcase classname="tests.test_delivery_audit" name="test_an_english_replacement_is_refused_on_a_zh_run" time="0.000" /><testcase classname="tests.test_delivery_audit" name="test_a_bare_number_replacement_is_allowed_in_a_table_cell" time="0.000" /><testcase classname="tests.test_delivery_audit" name="test_a_check_that_is_false_against_the_artifacts_refuses_the_edit" time="0.000" /><testcase classname="tests.test_delivery_audit" name="test_an_edit_with_no_reason_is_refused" time="0.000" /><testcase classname="tests.test_delivery_audit" name="test_only_rendered_prose_can_be_edited[hierarchy_meta.json]" time="0.001" /><testcase classname="tests.test_delivery_audit" name="test_only_rendered_prose_can_be_edited[labels_full.csv]" time="0.000" /><testcase classname="tests.test_delivery_audit" name="test_only_rendered_prose_can_be_edited[leaf_labels.npy]" time="0.000" /><testcase classname="tests.test_delivery_audit" name="test_only_rendered_prose_can_be_edited[config.resolved.yaml]" time="0.000" /><testcase classname="tests.test_delivery_audit" name="test_only_rendered_prose_can_be_edited[\u81ea\u4e0b\u800c\u4e0a\u805a\u7c7b\u5168\u6d41\u7a0b.ipynb]" time="0.000" /><testcase classname="tests.test_delivery_audit" name="test_only_rendered_prose_can_be_edited[../../src/qmine/config.py]" time="0.000" /><testcase classname="tests.test_delivery_audit" name="test_a_refused_edit_leaves_the_file_untouched" time="0.001" /><testcase classname="tests.test_delivery_audit" name="test_every_refusal_is_recorded_with_the_rule_that_bit" time="0.001" /><testcase classname="tests.test_delivery_audit" name="test_the_edit_cap_bounds_the_blast_radius" time="0.001" /><testcase classname="tests.test_delivery_audit" name="test_two_edits_are_validated_against_the_same_original" time="0.001" /><testcase classname="tests.test_delivery_audit" name="test_a_dry_run_changes_nothing" time="0.001" /><testcase classname="tests.test_delivery_audit" name="test_the_audit_report_says_so_when_the_audit_did_not_run" time="0.001" /><testcase classname="tests.test_delivery_audit" name="test_the_audit_report_prints_refusals_next_to_the_edits" time="0.000" /><testcase classname="tests.test_delivery_audit" name="test_a_non_markdown_file_is_refused_even_if_it_is_in_scope" time="0.000" /><testcase classname="tests.test_delivery_audit" name="test_a_markdown_file_this_run_did_not_produce_is_refused_not_crashed" time="0.000" /><testcase classname="tests.test_delivery_audit" name="test_a_path_that_walks_out_of_the_generation_directory_cannot_reach_a_file" time="0.001" /><testcase classname="tests.test_delivery_audit" name="test_a_sibling_edit_cannot_disambiguate_an_anchor_the_auditor_saw_as_ambiguous" time="0.001" /><testcase classname="tests.test_delivery_audit" name="test_an_unfixable_finding_goes_through_the_same_verification_as_an_observation" time="0.000" /><testcase classname="tests.test_delivery_audit" name="test_an_edits_check_must_be_TRUE_because_it_states_what_the_artifacts_say" time="0.000" /><testcase classname="tests.test_delivery_audit" name="test_the_auditor_can_cite_a_gate_and_a_finding_not_only_an_artifact" time="0.000" /><testcase classname="tests.test_delivery_audit" name="test_the_driver_puts_gates_and_findings_into_the_citable_namespace" time="0.002" /><testcase classname="tests.test_durability" name="test_template_masks_rebuild_from_artifacts_not_memory" time="0.115" /><testcase classname="tests.test_durability" name="test_only_trusted_families_judge_representations" time="0.012" /><testcase classname="tests.test_durability" name="test_taxonomy_rebuilds_from_artifacts" time="0.004" /><testcase classname="tests.test_durability" name="test_resume_restores_the_runs_own_config" time="0.012" /><testcase classname="tests.test_durability" name="test_refinement_does_not_oscillate" time="0.055" /><testcase classname="tests.test_durability" name="test_prescription_ids_are_assigned_by_the_pipeline" time="0.004" /><testcase classname="tests.test_durability" name="test_artifact_refs_survive_a_checkpoint_round_trip" time="0.001" /><testcase classname="tests.test_durability" name="test_promotion_requires_a_significant_win" time="0.001" /><testcase classname="tests.test_durability" name="test_promotion_accepts_a_decisive_win" time="0.000" /><testcase classname="tests.test_durability" name="test_promotion_randomises_presentation_order" time="0.000" /><testcase classname="tests.test_durability" name="test_promotion_never_destroys_the_old_labels" time="0.001" /><testcase classname="tests.test_durability" name="test_recover_rebuilds_from_the_artifact_when_the_cache_is_cold" time="0.006" /><testcase classname="tests.test_durability" name="test_recover_prefers_memory_over_disk" time="0.003" /><testcase classname="tests.test_durability" name="test_recover_returns_default_when_nothing_exists" time="0.004" /><testcase classname="tests.test_durability" name="test_no_phase_node_reads_process_memory_without_a_fallback" time="0.002" /><testcase classname="tests.test_durability" name="test_naming_cards_rebuild_so_a_resumed_run_does_not_name_zero_clusters" time="0.004" /><testcase classname="tests.test_durability" name="test_overshooting_seeds_are_diagnosed_as_seeds_not_as_mined_groups" time="0.007" /><testcase classname="tests.test_durability" name="test_drift_diff_refuses_to_compare_across_domains" time="0.005" /><testcase classname="tests.test_durability" name="test_no_undefined_names_anywhere_in_the_package" time="0.047" /><testcase classname="tests.test_durability" name="test_latest_generation_finds_the_newest" time="0.001" /><testcase classname="tests.test_durability" name="test_latest_generation_defaults_to_one_for_a_fresh_run" time="0.000" /><testcase classname="tests.test_durability" name="test_a_new_generation_inherits_the_previous_config" time="0.001" /><testcase classname="tests.test_durability" name="test_resolved_config_prefers_the_current_generation" time="0.001" /><testcase classname="tests.test_durability" name="test_resolved_config_is_absent_when_nothing_was_ever_written" time="0.000" /><testcase classname="tests.test_durability" name="test_the_namer_retries_before_giving_up_on_a_leaf" time="0.000" /><testcase classname="tests.test_durability" name="test_the_naming_pool_respects_the_configured_concurrency" time="0.000" /><testcase classname="tests.test_durability" name="test_every_recovered_artifact_is_actually_written_somewhere" time="0.022" /><testcase classname="tests.test_durability" name="test_reuse_finds_a_taxonomy_by_run_id_generation_or_path" time="0.001" /><testcase classname="tests.test_durability" name="test_reuse_prefers_the_newest_generation" time="0.001" /><testcase classname="tests.test_durability" name="test_reuse_raises_rather_than_silently_re_deriving" time="0.000" /><testcase classname="tests.test_durability" name="test_reuse_taxonomy_is_honoured_on_the_resume_path_too" time="0.012" /><testcase classname="tests.test_durability" name="test_a_new_generation_inherits_the_runs_data_settings" time="0.000" /><testcase classname="tests.test_durability" name="test_a_pipeline_exception_is_not_relabelled_as_a_checkpointer_failure" time="0.005" /><testcase classname="tests.test_durability" name="test_the_memory_store_does_not_swallow_a_pipeline_exception" time="0.011" /><testcase classname="tests.test_durability" name="test_a_numpy_scalar_in_a_record_cannot_break_checkpointing" time="0.000" /><testcase classname="tests.test_durability" name="test_the_k_locator_returns_a_python_float" time="0.000" /><testcase classname="tests.test_fast_mode" name="test_fast_mode_does_not_shrink_the_analysis" time="0.000" /><testcase classname="tests.test_fast_mode" name="test_smoke_mode_and_fast_mode_are_independent" time="0.000" /><testcase classname="tests.test_fast_mode" name="test_every_skipped_component_reaches_the_reader" time="0.000" /><testcase classname="tests.test_fast_mode" name="test_an_unknown_skip_key_is_still_disclosed" time="0.000" /><testcase classname="tests.test_fast_mode" name="test_full_mode_never_renders_a_skip_banner" time="0.000" /><testcase classname="tests.test_fast_mode" name="test_one_annotator_yields_an_absent_kappa_not_a_perfect_one" time="0.000" /><testcase classname="tests.test_fast_mode" name="test_a_skipped_gate_is_not_a_passed_gate" time="0.000" /><testcase classname="tests.test_fast_mode" name="test_demote_leaves_code_fences_alone" time="0.000" /><testcase classname="tests.test_fast_mode" name="test_demote_never_exceeds_six_levels" time="0.000" /><testcase classname="tests.test_fast_mode" name="test_each_composite_document_opens_with_the_banner[build_topdown]" time="0.002" /><testcase classname="tests.test_fast_mode" name="test_each_composite_document_opens_with_the_banner[build_bottomup]" time="0.001" /><testcase classname="tests.test_fast_mode" name="test_a_render_cannot_upgrade_a_fast_run_to_a_full_one" time="0.006" /><testcase classname="tests.test_fast_mode" name="test_a_render_of_a_full_run_stays_full" time="0.006" /><testcase classname="tests.test_fast_mode" name="test_a_render_reports_the_skips_the_RUN_made_not_todays" time="0.005" /><testcase classname="tests.test_fast_mode" name="test_a_render_keeps_the_corpus_it_was_run_on" time="0.006" /><testcase classname="tests.test_fast_mode" name="test_the_collision_check_runs_when_governance_changed_nothing" time="0.001" /><testcase classname="tests.test_fast_mode" name="test_the_collision_gate_reaches_the_operator" time="0.001" /><testcase classname="tests.test_fast_mode" name="test_a_corpus_config_keeps_the_provider_policy_it_extends" time="0.001" /><testcase classname="tests.test_fast_mode" name="test_a_missing_extends_target_is_an_error_not_a_silent_default" time="0.001" /><testcase classname="tests.test_fast_mode" name="test_the_shipped_finance_config_inherits_the_live_policy" time="0.004" /><testcase classname="tests.test_fast_mode" name="test_an_unset_cli_flag_does_not_overrule_the_config" time="0.001" /><testcase classname="tests.test_fast_mode" name="test_no_gate_passes_on_an_empty_evidence_set" time="0.002" /><testcase classname="tests.test_fast_mode" name="test_a_solo_annotator_cannot_invent_a_class" time="0.003" /><testcase classname="tests.test_fast_mode" name="test_a_rendered_deliverable_can_still_find_its_evidence" time="0.000" /><testcase classname="tests.test_fast_mode" name="test_corner_brackets_are_quotes_too" time="0.000" /><testcase classname="tests.test_fast_mode" name="test_the_namer_is_pinned_and_the_pin_is_reachable" time="0.006" /><testcase classname="tests.test_fast_mode" name="test_a_misnamed_column_stops_the_run_and_names_the_real_ones[text_column-originl_query]" time="0.003" /><testcase classname="tests.test_fast_mode" name="test_a_misnamed_column_stops_the_run_and_names_the_real_ones[weight_column-wise_pvv]" time="0.001" /><testcase classname="tests.test_fast_mode" name="test_a_reference_column_that_does_not_exist_is_refused" time="0.001" /><testcase classname="tests.test_fast_mode" name="test_a_constant_reference_column_is_dropped_not_used" time="0.002" /><testcase classname="tests.test_fast_mode" name="test_the_house_export_config_chain_resolves" time="0.004" /><testcase classname="tests.test_fast_mode" name="test_an_empty_query_cell_is_dropped_loudly_not_crashed_on" time="0.002" /><testcase classname="tests.test_fast_mode" name="test_a_mostly_empty_text_column_is_refused_outright" time="0.001" /><testcase classname="tests.test_fast_mode" name="test_one_failed_research_angle_does_not_kill_the_phase" time="0.002" /><testcase classname="tests.test_fast_mode" name="test_drift_uses_within_snapshot_shares_not_raw_counts" time="0.003" /><testcase classname="tests.test_fast_mode" name="test_drift_separates_emergent_classes_from_shifts" time="0.003" /><testcase classname="tests.test_fast_mode" name="test_drift_purity_check_catches_a_frame_that_is_not_shared" time="0.002" /><testcase classname="tests.test_fast_mode" name="test_the_drift_phase_is_a_no_op_on_a_single_snapshot" time="0.001" /><testcase classname="tests.test_fast_mode" name="test_the_drift_phase_and_document_reach_BOTH_modes" time="0.001" /><testcase classname="tests.test_fast_mode" name="test_the_snapshot_tag_never_becomes_a_reference_column" time="0.001" /><testcase classname="tests.test_fast_mode" name="test_total_variation_is_defined_when_a_class_is_missing_on_one_side" time="0.000" /><testcase classname="tests.test_fast_mode" name="test_delta_concentration_separates_one_query_from_many" time="0.002" /><testcase classname="tests.test_fast_mode" name="test_the_concentration_label_names_the_measurement_not_the_conclusion" time="0.001" /><testcase classname="tests.test_fast_mode" name="test_a_family_reaches_the_drift_table_with_a_name_not_a_bare_id" time="0.000" /><testcase classname="tests.test_fast_mode" name="test_the_snapshot_tag_is_not_reported_as_an_undeclared_legacy_label" time="0.000" /><testcase classname="tests.test_fast_mode" name="test_the_pooling_rationale_states_the_measurement_that_was_actually_taken" time="0.000" /><testcase classname="tests.test_fast_mode" name="test_every_run_the_readme_names_still_exists_with_the_shape_it_claims" time="0.080" /><testcase classname="tests.test_fast_mode" name="test_the_readme_never_quotes_a_kappa_for_a_single_annotator_run" time="0.036" /><testcase classname="tests.test_fast_mode" name="test_a_backfilled_drift_analysis_equals_what_the_live_phase_wrote" time="3.338" /><testcase classname="tests.test_fast_mode" name="test_the_translated_analysis_carries_the_same_numbers_as_the_original" time="0.003" /><testcase classname="tests.test_fast_mode" name="test_the_chinese_analysis_points_at_chinese_figures" time="0.000" /><testcase classname="tests.test_fast_mode" name="test_the_time_axis_document_is_unchanged_by_the_axis_parameter" time="0.000" /><testcase classname="tests.test_fast_mode" name="test_a_stratum_comparison_is_never_reported_as_change_over_time" time="0.000" /><testcase classname="tests.test_fast_mode" name="test_the_stratum_caveats_do_not_warn_against_their_own_design" time="0.000" /><testcase classname="tests.test_fast_mode" name="test_an_unknown_comparison_axis_degrades_to_time_rather_than_dying" time="0.000" /><testcase classname="tests.test_fast_mode" name="test_the_stratum_deliverable_is_not_filed_under_the_drift_name" time="0.000" /><testcase classname="tests.test_fast_mode" name="test_the_prepared_corpus_normalises_traffic_within_each_category" time="0.055" /><testcase classname="tests.test_fast_mode" name="test_the_prepared_corpus_keeps_one_string_in_two_categories_apart" time="0.012" /><testcase classname="tests.test_fast_mode" name="test_the_acknowledgement_pattern_is_anchored_at_both_ends" time="0.001" /><testcase classname="tests.test_fast_mode" name="test_the_vertical_crosstab_refuses_the_pre_governance_columns" time="0.001" /><testcase classname="tests.test_fast_mode" name="test_the_crosstab_shares_are_within_category_not_across" time="0.003" /><testcase classname="tests.test_fast_mode" name="test_the_crosstab_names_a_class_breadth_without_calling_it_a_verdict" time="0.003" /><testcase classname="tests.test_fast_mode" name="test_the_translated_corpus_guide_carries_the_same_numbers_as_the_original" time="0.001" /><testcase classname="tests.test_fast_mode" name="test_fast_mode_coverage_is_measured_not_asserted" time="0.002" /><testcase classname="tests.test_fast_mode" name="test_the_coverage_fallback_cannot_silently_report_one" time="0.000" /><testcase classname="tests.test_fast_mode" name="test_a_pooled_run_carries_its_stratum_column_into_the_delivered_labels" time="0.001" /><testcase classname="tests.test_fast_mode" name="test_the_postprocessor_refuses_a_positional_join_it_cannot_verify" time="0.002" /><testcase classname="tests.test_fast_mode" name="test_the_stratum_addendum_will_not_state_an_overlap_it_cannot_compute" time="0.003" /><testcase classname="tests.test_final_report" name="test_a_fabricated_number_cannot_reach_the_final_report" time="0.000" /><testcase classname="tests.test_final_report" name="test_a_number_the_agent_derived_itself_is_refused" time="0.000" /><testcase classname="tests.test_final_report" name="test_a_percentage_is_checked_at_the_precision_the_author_wrote" time="0.000" /><testcase classname="tests.test_final_report" name="test_an_omitted_warning_cannot_be_silently_dropped" time="0.000" /><testcase classname="tests.test_final_report" name="test_boilerplate_cannot_satisfy_a_coverage_requirement" time="0.000" /><testcase classname="tests.test_final_report" name="test_a_coverage_failure_is_disclosed_in_the_document_itself" time="0.000" /><testcase classname="tests.test_final_report" name="test_every_must_cover_item_is_routed_to_some_section" time="0.000" /><testcase classname="tests.test_final_report" name="test_a_figure_the_run_never_produced_is_refused" time="0.000" /><testcase classname="tests.test_final_report" name="test_english_prose_is_refused_in_a_chinese_deliverable" time="0.000" /><testcase classname="tests.test_final_report" name="test_a_section_too_short_to_carry_an_argument_is_refused" time="0.000" /><testcase classname="tests.test_final_report" name="test_the_narrator_sheet_carries_names_not_only_numbers" time="0.000" /><testcase classname="tests.test_final_report" name="test_evidence_ids_outside_the_catalogue_are_not_resolvable[nonexistent]" time="0.000" /><testcase classname="tests.test_final_report" name="test_evidence_ids_outside_the_catalogue_are_not_resolvable[corpus_v2]" time="0.000" /><testcase classname="tests.test_final_report" name="test_evidence_ids_outside_the_catalogue_are_not_resolvable[]" time="0.000" /><testcase classname="tests.test_final_report" name="test_worked_examples_carry_both_routes_labels_and_include_the_hard_ones" time="0.003" /><testcase classname="tests.test_final_report" name="test_a_bundle_stays_small_enough_to_be_a_fact_sheet" time="0.000" /><testcase classname="tests.test_final_report" name="test_the_taxonomy_bundle_can_actually_name_a_class" time="0.179" /><testcase classname="tests.test_final_report" name="test_a_number_the_agent_was_shown_is_citable" time="0.000" /><testcase classname="tests.test_final_report" name="test_an_empty_section_retry_carries_feedback_instead_of_repeating_the_call" time="0.000" /><testcase classname="tests.test_final_report" name="test_an_attribution_is_supplied_rather_than_trusted" time="0.000" /><testcase classname="tests.test_final_report" name="test_a_negative_number_from_the_sheet_can_actually_be_cited" time="0.000" /><testcase classname="tests.test_final_report" name="test_naming_the_model_that_did_the_work_is_not_a_fabrication" time="0.000" /><testcase classname="tests.test_final_report" name="test_a_number_the_writer_was_ORDERED_to_include_is_citable" time="0.000" /><testcase classname="tests.test_final_report" name="test_the_rejection_notice_cannot_launder_its_own_numbers" time="0.001" /><testcase classname="tests.test_final_report" name="test_the_failure_notice_says_which_of_the_two_things_went_wrong" time="0.001" /><testcase classname="tests.test_findings_ledger" name="test_the_live39_claim_is_confirmed_by_its_own_check" time="0.000" /><testcase classname="tests.test_findings_ledger" name="test_a_check_that_does_not_return_a_boolean_settles_nothing" time="0.000" /><testcase classname="tests.test_findings_ledger" name="test_a_check_naming_something_absent_is_unverifiable_not_confirmed" time="0.000" /><testcase classname="tests.test_findings_ledger" name="test_a_check_expression_cannot_reach_outside_the_artifacts[__import__('os').system('true')]" time="0.000" /><testcase classname="tests.test_findings_ledger" name="test_a_check_expression_cannot_reach_outside_the_artifacts[hierarchy_meta.__class__]" time="0.000" /><testcase classname="tests.test_findings_ledger" name="test_a_check_expression_cannot_reach_outside_the_artifacts[(1).__class__.__bases__[0].__subclasses__()]" time="0.000" /><testcase classname="tests.test_findings_ledger" name="test_a_check_expression_cannot_reach_outside_the_artifacts[[].__class__.__mro__[1]]" time="0.000" /><testcase classname="tests.test_findings_ledger" name="test_a_check_expression_cannot_reach_outside_the_artifacts[open('/etc/passwd').read()]" time="0.000" /><testcase classname="tests.test_findings_ledger" name="test_a_check_expression_cannot_reach_outside_the_artifacts[lambda: 1]" time="0.000" /><testcase classname="tests.test_findings_ledger" name="test_a_check_expression_cannot_reach_outside_the_artifacts[hierarchy_meta.pop('n_leaves')]" time="0.000" /><testcase classname="tests.test_findings_ledger" name="test_a_check_expression_cannot_reach_outside_the_artifacts[exec('x=1')]" time="0.000" /><testcase classname="tests.test_findings_ledger" name="test_a_finding_closes_only_when_its_own_assertion_holds_again" time="0.001" /><testcase classname="tests.test_findings_ledger" name="test_a_finding_with_no_check_never_closes_by_itself" time="0.000" /><testcase classname="tests.test_findings_ledger" name="test_the_same_defect_reworded_is_one_row_not_two" time="0.000" /><testcase classname="tests.test_findings_ledger" name="test_a_waiver_survives_re_sighting_but_a_fixed_finding_does_not" time="0.001" /><testcase classname="tests.test_findings_ledger" name="test_the_ledger_survives_a_corrupt_file" time="0.001" /><testcase classname="tests.test_findings_ledger" name="test_a_ledger_round_trips_through_disk" time="0.001" /><testcase classname="tests.test_findings_ledger" name="test_leaves_per_family_counts_only_leaves_that_survived_refinement" time="0.000" /><testcase classname="tests.test_findings_ledger" name="test_a_check_that_stops_evaluating_does_not_close_the_finding" time="0.001" /><testcase classname="tests.test_findings_ledger" name="test_the_check_evaluator_never_calls_getattr" time="0.001" /><testcase classname="tests.test_findings_ledger" name="test_no_container_type_leaks_a_python_attribute[container0]" time="0.000" /><testcase classname="tests.test_findings_ledger" name="test_no_container_type_leaks_a_python_attribute[container1]" time="0.000" /><testcase classname="tests.test_findings_ledger" name="test_no_container_type_leaks_a_python_attribute[container2]" time="0.000" /><testcase classname="tests.test_findings_ledger" name="test_no_container_type_leaks_a_python_attribute[container3]" time="0.000" /><testcase classname="tests.test_findings_ledger" name="test_concurrent_filings_do_not_erase_each_other" time="0.003" /><testcase classname="tests.test_findings_ledger" name="test_the_open_context_manager_holds_the_lock_across_the_whole_cycle" time="0.002" /><testcase classname="tests.test_findings_ledger" name="test_the_report_does_not_present_a_confirmed_check_as_a_proven_defect" time="0.001" /><testcase classname="tests.test_findings_ledger" name="test_the_observer_is_warned_about_comparing_different_populations" time="0.000" /><testcase classname="tests.test_gates_and_handoff" name="test_small_sample_near_miss_is_underpowered_not_failed" time="0.000" /><testcase classname="tests.test_gates_and_handoff" name="test_same_value_on_a_large_sample_is_a_real_miss" time="0.000" /><testcase classname="tests.test_gates_and_handoff" name="test_a_clear_pass_is_met" time="0.000" /><testcase classname="tests.test_gates_and_handoff" name="test_a_clear_failure_is_missed_even_on_a_small_sample" time="0.000" /><testcase classname="tests.test_gates_and_handoff" name="test_wilson_interval_stays_inside_zero_one_near_the_boundary" time="0.000" /><testcase classname="tests.test_gates_and_handoff" name="test_wilson_narrows_as_n_grows" time="0.000" /><testcase classname="tests.test_gates_and_handoff" name="test_required_n_grows_as_the_gap_shrinks" time="0.000" /><testcase classname="tests.test_gates_and_handoff" name="test_shards_partition_every_cluster_exactly_once" time="0.001" /><testcase classname="tests.test_gates_and_handoff" name="test_exported_briefs_reject_a_smuggled_annotation_field" time="0.000" /><testcase classname="tests.test_gates_and_handoff" name="test_exported_briefs_are_checked_by_the_same_firewall" time="0.001" /><testcase classname="tests.test_gates_and_handoff" name="test_member_queries_are_not_treated_as_leaks" time="0.001" /><testcase classname="tests.test_gates_and_handoff" name="test_brief_contains_the_data_and_no_answers" time="0.001" /><testcase classname="tests.test_gates_and_handoff" name="test_import_accepts_the_shapes_a_panel_actually_returns" time="0.000" /><testcase classname="tests.test_gates_and_handoff" name="test_import_reads_a_file_path" time="0.001" /><testcase classname="tests.test_gates_and_handoff" name="test_import_stamps_provenance" time="0.000" /><testcase classname="tests.test_gates_and_handoff" name="test_coverage_report_surfaces_silently_dropped_clusters" time="0.000" /><testcase classname="tests.test_gates_and_handoff" name="test_offline_namer_extracts_terms_from_english_not_just_chinese" time="0.000" /><testcase classname="tests.test_gates_and_handoff" name="test_offline_namer_still_handles_chinese" time="0.000" /><testcase classname="tests.test_gates_and_handoff" name="test_offline_definition_matches_the_corpus_language" time="0.000" /><testcase classname="tests.test_gates_and_handoff" name="test_a_rule_naming_a_class_that_does_not_exist_is_caught" time="0.001" /><testcase classname="tests.test_gates_and_handoff" name="test_rule_dedup_separates_a_second_marker_from_a_second_opinion" time="0.000" /><testcase classname="tests.test_gates_and_handoff" name="test_kappa_is_not_reported_as_a_verdict_when_coverage_collapsed" time="0.000" /><testcase classname="tests.test_gates_and_handoff" name="test_gold_set_size_follows_the_corpus_not_a_constant" time="0.000" /><testcase classname="tests.test_gates_and_handoff" name="test_the_pilot_gate_is_blocking_and_precedes_the_gold_set" time="0.003" /><testcase classname="tests.test_gates_and_handoff" name="test_figure_cells_do_not_rebind_names_the_setup_cell_owns" time="0.005" /><testcase classname="tests.test_gates_and_handoff" name="test_the_pilot_can_actually_discriminate_against_its_own_bar" time="0.000" /><testcase classname="tests.test_gates_and_handoff" name="test_the_pilot_separates_a_fixable_guide_from_an_annotator_ceiling" time="0.000" /><testcase classname="tests.test_gates_and_handoff" name="test_gates_do_not_import_thresholds_that_only_fit_one_corpus" time="0.000" /><testcase classname="tests.test_gates_and_handoff" name="test_a_taxonomy_without_tie_breaks_cannot_reach_annotation" time="0.000" /><testcase classname="tests.test_gates_and_handoff" name="test_every_adjudication_rule_the_architect_writes_reaches_the_annotator" time="0.000" /><testcase classname="tests.test_gates_and_handoff" name="test_a_halted_pilot_prescribes_a_remedy_and_names_which_kind" time="0.000" /><testcase classname="tests.test_gates_and_handoff" name="test_the_architect_is_not_told_to_write_rules_it_does_not_write" time="0.000" /><testcase classname="tests.test_gates_and_handoff" name="test_the_catchall_instruction_does_not_ask_for_the_defect_it_causes" time="0.000" /><testcase classname="tests.test_gates_and_handoff" name="test_a_gate_with_no_remaining_move_proceeds_rather_than_stopping_dead" time="0.000" /><testcase classname="tests.test_gates_and_handoff" name="test_prescriptions_read_as_limitations_when_the_gate_let_the_run_proceed" time="0.000" /><testcase classname="tests.test_gates_and_handoff" name="test_a_row_nobody_labelled_is_not_agreement" time="0.002" /><testcase classname="tests.test_gates_and_handoff" name="test_guide_repair_on_a_fresh_sample_keeps_the_refereed_rows" time="0.002" /><testcase classname="tests.test_gates_and_handoff" name="test_an_adversary_that_returns_nothing_cannot_report_perfect_accuracy" time="0.001" /><testcase classname="tests.test_gates_and_handoff" name="test_the_annotator_prompt_keeps_the_newest_rules_not_just_the_oldest" time="0.000" /><testcase classname="tests.test_gates_and_handoff" name="test_adjudication_coverage_counts_only_rows_the_referee_was_given" time="0.002" /><testcase classname="tests.test_gates_and_handoff" name="test_the_two_kappa_gates_do_not_contradict_each_other" time="0.002" /><testcase classname="tests.test_gates_and_handoff" name="test_p2b_still_fails_when_agreement_is_genuinely_poor" time="0.002" /><testcase classname="tests.test_gates_and_handoff" name="test_every_rule_the_referee_drafts_reaches_the_annotator" time="0.001" /><testcase classname="tests.test_gates_and_handoff" name="test_referee_rules_survive_first_when_the_budget_is_exceeded" time="0.000" /><testcase classname="tests.test_gates_and_handoff" name="test_a_budgeted_block_says_how_many_units_it_withheld" time="0.000" /><testcase classname="tests.test_gates_and_handoff" name="test_the_rule_block_drops_whole_rules_and_keeps_the_newest" time="0.000" /><testcase classname="tests.test_gates_and_handoff" name="test_every_budgeted_prompt_block_is_labelled" time="0.000" /><testcase classname="tests.test_gates_and_handoff" name="test_p2b_persists_the_taxonomy_the_referee_produced" time="0.002" /><testcase classname="tests.test_gates_and_handoff" name="test_the_guide_cites_the_referees_rules_instead_of_repeating_them" time="0.001" /><testcase classname="tests.test_gates_and_handoff" name="test_an_undecided_boundary_is_still_reported_as_open" time="0.000" /><testcase classname="tests.test_gates_and_handoff" name="test_a_guide_repair_that_lowers_agreement_is_reverted" time="0.002" /><testcase classname="tests.test_gates_and_handoff" name="test_the_repair_revert_mirrors_the_redraw_revert" time="0.002" /><testcase classname="tests.test_gates_and_handoff" name="test_a_gate_that_passed_with_slack_says_so_to_the_reader" time="0.000" /><testcase classname="tests.test_gates_and_handoff" name="test_the_dashboard_does_not_close_a_branch_that_is_still_running" time="0.000" /><testcase classname="tests.test_gates_and_handoff" name="test_watching_a_finished_run_shows_the_durations_it_actually_had" time="0.000" /><testcase classname="tests.test_gates_and_handoff" name="test_a_rule_id_that_resolves_to_nothing_never_reaches_the_annotator" time="0.000" /><testcase classname="tests.test_gates_and_handoff" name="test_new_generation_branches_from_the_newest_generation_by_default" time="0.000" /><testcase classname="tests.test_gates_and_handoff" name="test_both_run_paths_attach_the_browsable_page" time="0.001" /><testcase classname="tests.test_gates_and_handoff" name="test_a_replay_clock_is_not_rendered_as_an_epoch" time="0.001" /><testcase classname="tests.test_gates_and_handoff" name="test_a_complete_batch_is_not_discarded_over_a_rewritten_key" time="0.000" /><testcase classname="tests.test_gates_and_handoff" name="test_the_empty_batch_check_still_fires" time="0.001" /><testcase classname="tests.test_gates_and_handoff" name="test_loose_key_matching_is_refused_when_it_would_collide" time="0.000" /><testcase classname="tests.test_gates_and_handoff" name="test_one_long_row_cannot_crowd_a_risk_category_out_of_the_safety_brief" time="0.001" /><testcase classname="tests.test_gates_and_handoff" name="test_no_evidence_block_carries_a_row_length_tuned_to_one_corpus" time="0.001" /><testcase classname="tests.test_gates_and_handoff" name="test_a_long_row_corpus_is_thinned_not_shredded" time="0.001" /><testcase classname="tests.test_gates_and_handoff" name="test_every_risk_category_survives_whatever_the_corpus_looks_like" time="0.006" /><testcase classname="tests.test_gates_and_handoff" name="test_fair_excerpts_is_a_no_op_when_everything_already_fits" time="0.000" /><testcase classname="tests.test_gates_and_handoff" name="test_fair_allocation_lets_short_items_release_budget_to_long_ones" time="0.000" /><testcase classname="tests.test_governance_naming" name="test_a_leaf_that_governance_created_gets_named" time="0.000" /><testcase classname="tests.test_governance_naming" name="test_an_empty_leaf_is_not_named" time="0.000" /><testcase classname="tests.test_governance_naming" name="test_nothing_is_rewritten_when_governance_created_nothing" time="0.000" /><testcase classname="tests.test_governance_naming" name="test_a_leaf_the_namer_cannot_name_is_announced_not_silent" time="0.000" /><testcase classname="tests.test_governance_naming" name="test_the_reported_shape_is_the_delivered_shape" time="0.000" /><testcase classname="tests.test_governance_naming" name="test_the_shape_falls_back_when_the_panel_is_absent" time="0.000" /><testcase classname="tests.test_governance_naming" name="test_a_split_renames_both_halves_not_just_the_new_one" time="0.000" /><testcase classname="tests.test_governance_naming" name="test_a_leaf_that_only_lost_a_few_rows_keeps_its_name" time="0.000" /><testcase classname="tests.test_governance_naming" name="test_a_merge_targeting_families_that_do_not_exist_is_declined_not_executed" time="0.000" /><testcase classname="tests.test_governance_naming" name="test_a_partially_resolvable_merge_executes_and_records_what_it_could_not_apply" time="0.000" /><testcase classname="tests.test_governance_naming" name="test_a_merge_naming_only_real_families_is_unaffected" time="0.000" /><testcase classname="tests.test_governance_naming" name="test_an_agent_prescribed_split_is_measured_even_though_it_is_not_vetoed" time="0.082" /><testcase classname="tests.test_governance_naming" name="test_a_batch_total_is_not_labelled_as_one_prescription_s_contribution" time="0.000" /><testcase classname="tests.test_grid_proposer" name="test_the_proposer_is_never_shown_a_score" time="0.001" /><testcase classname="tests.test_grid_proposer" name="test_the_blindness_check_does_not_cry_wolf_on_ordinary_corpus_words" time="0.000" /><testcase classname="tests.test_grid_proposer" name="test_the_real_corpus_profile_is_blind" time="0.001" /><testcase classname="tests.test_grid_proposer" name="test_only_legal_novel_capped_additions_survive" time="0.000" /><testcase classname="tests.test_grid_proposer" name="test_k_upper_bound_comes_from_the_corpus_not_a_constant" time="0.000" /><testcase classname="tests.test_grid_proposer" name="test_a_near_duplicate_is_not_a_new_candidate" time="0.000" /><testcase classname="tests.test_grid_proposer" name="test_a_proposed_candidate_cannot_win_by_luck" time="0.000" /><testcase classname="tests.test_grid_proposer" name="test_a_dead_proposer_leaves_the_configured_grid_untouched" time="0.000" /><testcase classname="tests.test_grid_proposer" name="test_the_drop_list_is_recorded_and_ignored" time="0.000" /><testcase classname="tests.test_grid_proposer" name="test_disabled_by_default_costs_nothing" time="0.000" /><testcase classname="tests.test_grid_proposer" name="test_the_proposer_is_graded_every_run" time="0.000" /><testcase classname="tests.test_lab_independence" name="test_the_same_lab_is_recognised_through_any_gateway" time="0.000" /><testcase classname="tests.test_lab_independence" name="test_different_labs_stay_different" time="0.000" /><testcase classname="tests.test_lab_independence" name="test_an_unknown_model_falls_back_to_its_provider" time="0.000" /><testcase classname="tests.test_lab_independence" name="test_the_dangerous_pair_the_aggregator_created" time="0.000" /><testcase classname="tests.test_lab_independence" name="test_a_fallback_chain_does_not_reintroduce_the_partner_lab" time="0.000" /><testcase classname="tests.test_lab_independence" name="test_a_tie_on_price_breaks_toward_the_newer_roomier_model" time="0.000" /><testcase classname="tests.test_lab_independence" name="test_the_recency_proxy_reads_real_model_ids" time="0.000" /><testcase classname="tests.test_lab_independence" name="test_labs_can_be_excluded_through_any_gateway" time="0.000" /><testcase classname="tests.test_lab_independence" name="test_an_unknown_vendor_is_named_by_vendor_not_by_gateway" time="0.000" /><testcase classname="tests.test_lab_independence" name="test_price_tier_does_not_make_an_obscure_model_frontier_by_default" time="0.000" /><testcase classname="tests.test_lab_independence" name="test_within_one_lab_a_newer_model_is_not_less_capable_for_being_cheaper" time="0.000" /><testcase classname="tests.test_lab_independence" name="test_the_upgrade_requires_at_least_as_much_context" time="0.000" /><testcase classname="tests.test_lab_independence" name="test_unpriced_and_meta_endpoints_are_not_candidates" time="0.000" /><testcase classname="tests.test_lab_independence" name="test_the_referee_must_differ_from_both_annotators" time="0.000" /><testcase classname="tests.test_lab_independence" name="test_a_date_stamp_is_not_a_version_number" time="0.000" /><testcase classname="tests.test_lab_independence" name="test_the_same_model_is_reached_directly_rather_than_through_a_gateway" time="0.000" /><testcase classname="tests.test_lab_independence" name="test_preferring_direct_is_a_preference_not_a_rule" time="0.000" /><testcase classname="tests.test_lab_independence" name="test_a_pinned_model_still_gets_failover" time="0.001" /><testcase classname="tests.test_lab_independence" name="test_independence_is_enforced_after_every_role_is_assigned" time="0.001" /><testcase classname="tests.test_lab_independence" name="test_the_relation_is_treated_as_symmetric" time="0.001" /><testcase classname="tests.test_lab_independence" name="test_a_provider_qualified_pin_does_not_fool_the_lab_check" time="0.000" /><testcase classname="tests.test_measurement_soundness" name="test_the_falsification_probe_compares_against_a_structurally_different_algorithm" time="0.000" /><testcase classname="tests.test_measurement_soundness" name="test_the_probe_can_still_fire_when_an_alternative_really_is_better" time="0.000" /><testcase classname="tests.test_measurement_soundness" name="test_a_battery_with_no_structural_alternative_reports_none_not_itself" time="0.000" /><testcase classname="tests.test_measurement_soundness" name="test_the_falsification_probe_cannot_compare_kmeans_with_a_kmeans_variant" time="0.000" /><testcase classname="tests.test_measurement_soundness" name="test_the_probe_margin_is_paired_within_k" time="0.000" /><testcase classname="tests.test_measurement_soundness" name="test_the_k_locator_never_scores_against_the_top_down_labels" time="0.001" /><testcase classname="tests.test_measurement_soundness" name="test_k_is_reported_under_every_available_reference" time="0.000" /><testcase classname="tests.test_measurement_soundness" name="test_reach_not_row_coverage_is_what_qualifies_a_reference_to_locate_k" time="0.000" /><testcase classname="tests.test_measurement_soundness" name="test_the_reference_that_reaches_more_of_the_partition_locates_k" time="0.000" /><testcase classname="tests.test_measurement_soundness" name="test_the_locator_is_chosen_by_reach_not_by_row_coverage" time="0.000" /><testcase classname="tests.test_measurement_soundness" name="test_a_reference_that_cannot_tell_k_apart_does_not_get_to_locate_k" time="0.000" /><testcase classname="tests.test_measurement_soundness" name="test_the_stated_tie_band_arithmetic_actually_checks_out" time="0.000" /><testcase classname="tests.test_measurement_soundness" name="test_the_recorded_locator_profile_cannot_contradict_the_deciding_reference" time="0.001" /><testcase classname="tests.test_measurement_soundness" name="test_a_flagged_row_shows_its_NEAREST_neighbours_and_the_whole_set" time="0.003" /><testcase classname="tests.test_measurement_soundness" name="test_the_neighbour_sample_is_ordered_by_similarity" time="0.001" /><testcase classname="tests.test_measurement_soundness" name="test_an_agent_boolean_never_defaults_to_the_reassuring_answer" time="0.000" /><testcase classname="tests.test_measurement_soundness" name="test_a_phase_that_lost_its_agent_says_so" time="0.000" /><testcase classname="tests.test_measurement_soundness" name="test_calibration_is_measured_against_a_null_not_a_constant" time="0.036" /><testcase classname="tests.test_measurement_soundness" name="test_a_classifier_quality_gate_exists_and_imports_no_threshold" time="0.001" /><testcase classname="tests.test_measurement_soundness" name="test_a_duplicate_leaf_pair_can_actually_be_acted_on" time="0.000" /><testcase classname="tests.test_measurement_soundness" name="test_the_auditor_is_told_every_duplicate_needs_a_disposition" time="0.000" /><testcase classname="tests.test_measurement_soundness" name="test_a_delivered_family_is_named_after_the_leaves_it_actually_holds" time="0.000" /><testcase classname="tests.test_measurement_soundness" name="test_two_delivered_leaves_in_one_family_never_share_a_name" time="0.000" /><testcase classname="tests.test_measurement_soundness" name="test_the_collision_gate_reads_a_re_measurement_not_the_attempt" time="0.001" /><testcase classname="tests.test_measurement_soundness" name="test_a_non_default_text_column_survives_canonicalisation" time="0.001" /><testcase classname="tests.test_measurement_soundness" name="test_agreement_needs_two_references_to_be_agreement" time="0.001" /><testcase classname="tests.test_measurement_soundness" name="test_the_kmeans_verdict_is_never_read_from_a_cross_k_gap" time="0.001" /><testcase classname="tests.test_measurement_soundness" name="test_a_metric_row_carries_the_basis_it_was_measured_on" time="0.002" /><testcase classname="tests.test_measurement_soundness" name="test_delivered_family_names_are_actually_persisted" time="0.000" /><testcase classname="tests.test_measurement_soundness" name="test_an_offline_family_name_never_suppresses_the_audit_disclosure" time="0.000" /><testcase classname="tests.test_measurement_soundness" name="test_a_class_code_matches_regardless_of_case" time="0.000" /><testcase classname="tests.test_measurement_soundness" name="test_an_alpha_chosen_at_the_grid_edge_says_the_optimum_was_not_bracketed" time="0.001" /><testcase classname="tests.test_measurement_soundness" name="test_a_leaf_merge_never_voids_a_pending_risk_isolation" time="0.000" /><testcase classname="tests.test_measurement_soundness" name="test_declining_a_merge_still_counts_as_settled" time="0.000" /><testcase classname="tests.test_measurement_soundness" name="test_the_fragmentation_cell_survives_a_corpus_with_no_trusted_groups" time="0.003" /><testcase classname="tests.test_operator_view" name="test_sub_phase_lines_light_up_the_phase_they_belong_to" time="0.000" /><testcase classname="tests.test_operator_view" name="test_sub_steps_do_not_restart_the_phase_clock" time="0.000" /><testcase classname="tests.test_operator_view" name="test_agent_specialties_survive_into_the_activity_feed" time="0.007" /><testcase classname="tests.test_operator_view" name="test_a_gate_note_reaches_the_screen_whole" time="0.003" /><testcase classname="tests.test_operator_view" name="test_a_halted_run_does_not_still_show_a_phase_running" time="0.000" /><testcase classname="tests.test_operator_view" name="test_metric_labels_are_whole_words" time="0.000" /><testcase classname="tests.test_operator_view" name="test_the_panel_splits_into_two_panes_on_a_wide_terminal" time="0.003" /><testcase classname="tests.test_operator_view" name="test_the_layout_collapses_rather_than_wrapping_when_narrow" time="0.003" /><testcase classname="tests.test_operator_view" name="test_no_phase_label_is_clipped_by_the_pane_width" time="0.003" /><testcase classname="tests.test_operator_view" name="test_the_run_log_is_written_whatever_the_console_is_doing" time="0.001" /><testcase classname="tests.test_operator_view" name="test_the_log_format_and_the_follower_agree" time="0.001" /><testcase classname="tests.test_operator_view" name="test_a_follower_shows_the_same_state_as_the_live_panel" time="0.001" /><testcase classname="tests.test_operator_view" name="test_a_tool_loop_reports_the_tokens_it_spent" time="0.000" /><testcase classname="tests.test_operator_view" name="test_gold_annotation_reports_progress_while_it_runs" time="0.005" /><testcase classname="tests.test_operator_view" name="test_the_panel_shows_what_each_agent_returned" time="0.004" /><testcase classname="tests.test_operator_view" name="test_a_failed_agent_turn_is_shown_as_failed" time="0.003" /><testcase classname="tests.test_operator_view" name="test_an_agent_line_is_not_also_scraped_as_a_metric" time="0.000" /><testcase classname="tests.test_operator_view" name="test_repeated_activity_lines_collapse_instead_of_flooding" time="0.000" /><testcase classname="tests.test_operator_view" name="test_the_running_phase_explains_itself" time="0.007" /><testcase classname="tests.test_operator_view" name="test_every_phase_carries_an_explanation_in_both_languages" time="0.000" /><testcase classname="tests.test_operator_view" name="test_a_rejected_response_is_billed_even_though_it_was_rejected" time="0.003" /><testcase classname="tests.test_operator_view" name="test_a_tool_loop_turn_is_cached_and_transcribed_like_any_other" time="0.003" /><testcase classname="tests.test_operator_view" name="test_annotation_progress_is_about_ten_updates_at_any_size" time="0.008" /><testcase classname="tests.test_operator_view" name="test_a_research_angle_that_returns_nothing_is_flagged" time="0.000" /><testcase classname="tests.test_operator_view" name="test_agent_lines_reach_the_log_a_follower_reads" time="0.001" /><testcase classname="tests.test_operator_view" name="test_a_follower_rebuilds_the_agents_panel_from_the_log" time="0.004" /><testcase classname="tests.test_operator_view" name="test_the_metrics_panel_is_not_empty_during_the_longest_phase" time="0.004" /><testcase classname="tests.test_operator_view" name="test_errors_and_failovers_are_visible_without_reading_the_log" time="0.004" /><testcase classname="tests.test_operator_view" name="test_a_rate_is_not_shown_before_it_means_anything" time="0.004" /><testcase classname="tests.test_operator_view" name="test_the_digest_shows_content_not_just_shape" time="0.000" /><testcase classname="tests.test_operator_view" name="test_a_config_file_does_not_silently_replace_the_domain_profile" time="0.008" /><testcase classname="tests.test_operator_view" name="test_a_config_that_declares_a_domain_still_wins" time="0.001" /><testcase classname="tests.test_operator_view" name="test_a_tool_loop_turn_is_announced_once" time="0.000" /><testcase classname="tests.test_operator_view" name="test_a_tool_loop_turn_replays_from_cache" time="0.003" /><testcase classname="tests.test_operator_view" name="test_the_reader_and_writer_share_one_key_definition" time="0.003" /><testcase classname="tests.test_operator_view" name="test_watch_does_not_exit_on_a_previous_runs_summary" time="0.001" /><testcase classname="tests.test_operator_view" name="test_run_refuses_a_run_id_that_already_exists" time="0.001" /><testcase classname="tests.test_operator_view" name="test_the_remedy_resume_recommends_is_actually_reachable" time="0.000" /><testcase classname="tests.test_operator_view" name="test_the_governance_section_does_not_claim_every_prescription_ran" time="0.000" /><testcase classname="tests.test_operator_view" name="test_the_adversarial_direction_is_derived_not_hardcoded" time="0.000" /><testcase classname="tests.test_operator_view" name="test_an_expanded_agent_row_shows_ITS_OWN_return" time="0.000" /><testcase classname="tests.test_operator_view" name="test_a_finished_run_can_still_show_what_each_agent_returned" time="0.001" /><testcase classname="tests.test_operator_view" name="test_an_agent_return_is_rendered_as_fields_not_as_a_python_repr" time="0.000" /><testcase classname="tests.test_operator_view" name="test_a_replayed_run_reports_the_time_it_actually_took" time="0.000" /><testcase classname="tests.test_operator_view" name="test_the_artifact_table_names_the_artifacts" time="0.000" /><testcase classname="tests.test_operator_view" name="test_a_rejected_candidate_is_named_and_its_reason_given" time="0.000" /><testcase classname="tests.test_operator_view" name="test_the_two_concurrent_branches_are_visible_as_branches" time="0.000" /><testcase classname="tests.test_operator_view" name="test_a_replayed_page_says_which_provider_actually_ran" time="0.001" /><testcase classname="tests.test_ops" name="test_surface_vote_share_is_alpha_squared_not_alpha" time="0.000" /><testcase classname="tests.test_ops" name="test_hybrid_cosine_matches_the_derived_formula" time="0.001" /><testcase classname="tests.test_ops" name="test_hybrid_output_is_unit_norm" time="0.000" /><testcase classname="tests.test_ops" name="test_fragmentation_is_one_when_a_family_stays_together" time="0.000" /><testcase classname="tests.test_ops" name="test_fragmentation_counts_an_even_three_way_split_as_three" time="0.000" /><testcase classname="tests.test_ops" name="test_fragmentation_barely_moves_for_a_few_stragglers" time="0.000" /><testcase classname="tests.test_ops" name="test_replay_stability_is_high_on_genuinely_separated_blobs" time="0.011" /><testcase classname="tests.test_ops" name="test_replay_stability_collapses_on_structureless_data" time="0.031" /><testcase classname="tests.test_ops" name="test_deep_aligned_recovers_the_right_order_of_magnitude" time="0.013" /><testcase classname="tests.test_ops" name="test_heldout_reproduction_is_near_perfect_on_clean_structure" time="0.004" /><testcase classname="tests.test_ops" name="test_k_is_located_by_intent_alignment_and_only_filtered_by_stability" time="0.000" /><testcase classname="tests.test_ops" name="test_triangulation_falls_back_to_stability_only_without_phrasing_groups" time="0.000" /><testcase classname="tests.test_ops" name="test_hierarchy_is_two_levels_and_respects_the_minimum_leaf_size" time="0.210" /><testcase classname="tests.test_ops" name="test_refinement_converges_and_keeps_the_family_map_aligned" time="0.026" /><testcase classname="tests.test_ops" name="test_margins_are_non_negative" time="0.006" /><testcase classname="tests.test_ops" name="test_hashing_encoder_is_deterministic_and_normalised" time="0.000" /><testcase classname="tests.test_ops" name="test_sparse_block_is_normalised_and_compressed" time="0.032" /><testcase classname="tests.test_ops" name="test_affix_miner_finds_real_markers" time="0.007" /><testcase classname="tests.test_ops" name="test_longer_markers_outrank_shorter_fragments_of_themselves" time="0.007" /><testcase classname="tests.test_ops" name="test_groups_reject_patterns_that_match_almost_nothing" time="0.005" /><testcase classname="tests.test_ops" name="test_active_learning_accepts_the_sparse_matrix_its_caller_passes" time="0.006" /><testcase classname="tests.test_ops" name="test_a_missing_annotation_is_not_scored_as_a_disagreement" time="0.001" /><testcase classname="tests.test_ops" name="test_boundaries_are_decided_from_agreed_rows_not_from_a_second_opinion" time="0.001" /><testcase classname="tests.test_ops" name="test_stratified_sample_returns_positions_even_for_a_sliced_frame" time="0.007" /><testcase classname="tests.test_ops" name="test_a_run_with_no_seeded_phrasing_group_says_so_instead_of_falling_back_silently" time="0.001" /><testcase classname="tests.test_ops" name="test_cohesion_lift_is_not_a_measure_of_intent_purity" time="0.002" /><testcase classname="tests.test_phase_observer" name="test_an_uncited_observation_is_dropped_before_anyone_reads_it" time="0.000" /><testcase classname="tests.test_phase_observer" name="test_a_claim_about_something_the_observer_was_SHOWN_can_be_cited" time="0.000" /><testcase classname="tests.test_phase_observer" name="test_widening_the_citation_pool_also_widens_the_CHECK_evaluator" time="0.000" /><testcase classname="tests.test_phase_observer" name="test_a_side_channel_never_shadows_a_real_artifact" time="0.000" /><testcase classname="tests.test_phase_observer" name="test_a_made_up_severity_is_dropped_rather_than_coerced" time="0.000" /><testcase classname="tests.test_phase_observer" name="test_resolve_key_survives_the_shapes_an_agent_actually_writes" time="0.000" /><testcase classname="tests.test_phase_observer" name="test_a_confirmed_blocking_observation_fails_the_phase_gate" time="0.001" /><testcase classname="tests.test_phase_observer" name="test_an_unproven_blocking_observation_warns_but_cannot_halt" time="0.000" /><testcase classname="tests.test_phase_observer" name="test_an_observation_its_own_check_refutes_is_dropped" time="0.000" /><testcase classname="tests.test_phase_observer" name="test_a_confirmed_finding_survives_into_the_run_level_ledger" time="0.001" /><testcase classname="tests.test_phase_observer" name="test_an_observer_that_cannot_run_does_not_stop_the_run" time="0.000" /><testcase classname="tests.test_phase_observer" name="test_warnings_reach_the_operator_without_halting" time="0.000" /><testcase classname="tests.test_phase_observer" name="test_the_observer_gate_is_handed_back_for_the_node_to_register" time="0.000" /><testcase classname="tests.test_phase_observer" name="test_a_dead_observer_hands_back_nothing_to_register" time="0.000" /><testcase classname="tests.test_phase_observer" name="test_a_decision_can_be_cited_by_its_id_not_only_its_position" time="0.000" /><testcase classname="tests.test_phase_observer" name="test_the_observer_is_never_handed_unparseable_json" time="0.002" /><testcase classname="tests.test_pipeline" name="test_every_phase_completes" time="81.645" /><testcase classname="tests.test_pipeline" name="test_run_did_not_halt" time="0.000" /><testcase classname="tests.test_pipeline" name="test_core_artifacts_exist_on_disk" time="0.000" /><testcase classname="tests.test_pipeline" name="test_state_holds_pointers_not_payloads" time="0.000" /><testcase classname="tests.test_pipeline" name="test_delivered_table_carries_both_label_systems" time="0.011" /><testcase classname="tests.test_pipeline" name="test_every_prescription_is_settled" time="0.000" /><testcase classname="tests.test_pipeline" name="test_panel_rows_share_one_panel_id" time="0.000" /><testcase classname="tests.test_pipeline" name="test_naming_cards_contain_no_label_vocabulary" time="0.027" /><testcase classname="tests.test_pipeline" name="test_decisions_record_what_was_rejected" time="0.000" /><testcase classname="tests.test_pipeline" name="test_reports_carry_the_provenance_note" time="0.001" /><testcase classname="tests.test_pipeline" name="test_reports_state_what_the_numbers_do_not_mean" time="0.000" /><testcase classname="tests.test_pipeline" name="test_manifest_pins_the_environment" time="0.000" /><testcase classname="tests.test_pipeline" name="test_a_failed_blocking_gate_halts_the_run_and_says_why" time="27.355" /><testcase classname="tests.test_pipeline" name="test_offline_run_is_reproducible" time="79.718" /><testcase classname="tests.test_pipeline" name="test_notebook_executes_and_draws_its_figures" time="0.005" /><testcase classname="tests.test_pipeline" name="test_report_embeds_figures_that_exist" time="0.001" /><testcase classname="tests.test_pipeline" name="test_one_figure_per_quantity" time="0.000" /><testcase classname="tests.test_pipeline" name="test_a_declared_blocking_gate_that_never_fires_is_reported" time="0.000" /><testcase classname="tests.test_pipeline" name="test_a_failed_gate_tells_the_operator_what_to_do" time="0.000" /><testcase classname="tests.test_pipeline" name="test_the_agent_written_final_report_ships_and_says_how_it_was_checked" time="0.000" /><testcase classname="tests.test_pipeline" name="test_a_required_point_the_narrator_skipped_is_disclosed_to_the_reader" time="0.000" /><testcase classname="tests.test_pipeline" name="test_every_authored_rationale_reaches_the_reader_in_the_report_language" time="0.001" /><testcase classname="tests.test_pipeline" name="test_every_decision_rationale_in_the_SOURCE_has_a_translation" time="0.164" /><testcase classname="tests.test_pipeline" name="test_the_delivered_leaves_gate_reaches_the_operator" time="0.000" /><testcase classname="tests.test_pipeline" name="test_every_delivered_leaf_carries_a_name" time="0.011" /><testcase classname="tests.test_pipeline" name="test_the_chinese_report_does_not_contradict_its_own_metrics_table" time="0.001" /><testcase classname="tests.test_pipeline" name="test_every_report_is_written_in_the_configured_language" time="0.002" /><testcase classname="tests.test_pipeline" name="test_a_family_is_named_after_the_leaves_it_actually_contains" time="0.001" /><testcase classname="tests.test_pipeline" name="test_the_report_names_the_metric_that_actually_located_k" time="0.000" /><testcase classname="tests.test_principles" name="test_silhouette_cannot_decide_through_the_panel" time="0.001" /><testcase classname="tests.test_principles" name="test_local_k_is_not_decided_by_silhouette_alone" time="1.440" /><testcase classname="tests.test_principles" name="test_decisive_metrics_can_decide" time="0.000" /><testcase classname="tests.test_principles" name="test_lower_is_better_metrics_rank_ascending" time="0.000" /><testcase classname="tests.test_principles" name="test_authority_table_covers_every_metric_the_panel_emits" time="0.000" /><testcase classname="tests.test_principles" name="test_firewall_blocks_an_annotation_field_smuggled_onto_a_card" time="0.000" /><testcase classname="tests.test_principles" name="test_firewall_does_not_flag_a_domain_word_appearing_in_a_real_query" time="0.000" /><testcase classname="tests.test_principles" name="test_firewall_blocks_legacy_labels" time="0.000" /><testcase classname="tests.test_principles" name="test_firewall_blocks_peer_agent_outputs" time="0.000" /><testcase classname="tests.test_principles" name="test_firewall_allows_a_clean_card_through" time="0.000" /><testcase classname="tests.test_principles" name="test_firewall_still_catches_labels_in_non_corpus_payloads" time="0.000" /><testcase classname="tests.test_principles" name="test_send_payload_is_the_workers_entire_state" time="0.006" /><testcase classname="tests.test_principles" name="test_unexecuted_prescription_fails_the_gate" time="0.000" /><testcase classname="tests.test_principles" name="test_executed_and_declined_both_count_as_settled" time="0.000" /><testcase classname="tests.test_principles" name="test_merge_chains_resolve_to_a_root" time="0.000" /><testcase classname="tests.test_principles" name="test_execution_stamps_evidence_on_every_prescription" time="0.000" /><testcase classname="tests.test_principles" name="test_panel_refuses_to_mix_measurement_configurations" time="0.001" /><testcase classname="tests.test_principles" name="test_exemplar_selection_is_a_pure_function_of_the_hit_set" time="0.000" /><testcase classname="tests.test_principles" name="test_subsampling_is_reproducible" time="0.001" /><testcase classname="tests.test_principles" name="test_distillation_metric_carries_its_own_disclaimer" time="0.000" /><testcase classname="tests.test_principles" name="test_panel_footnotes_state_what_the_numbers_do_not_mean" time="0.000" /><testcase classname="tests.test_principles" name="test_an_agent_cannot_declare_its_own_prescription_executed" time="0.000" /><testcase classname="tests.test_principles" name="test_split_prescriptions_are_executed_or_declined_with_a_reason" time="0.015" /><testcase classname="tests.test_principles" name="test_no_prescription_kind_can_slip_through_unhandled" time="0.000" /><testcase classname="tests.test_principles" name="test_the_panel_measures_the_partition_it_labels" time="0.036" /><testcase classname="tests.test_principles" name="test_l2_visibility_is_judged_against_chance_not_a_flat_number" time="0.001" /><testcase classname="tests.test_principles" name="test_the_l2_bar_comes_from_the_corpus_not_from_a_constant" time="0.002" /><testcase classname="tests.test_principles" name="test_a_dominant_class_cannot_be_called_visible_on_its_prior_alone" time="0.002" /><testcase classname="tests.test_principles" name="test_calibration_is_measured_out_of_fold_like_the_accuracy_beside_it" time="0.030" /><testcase classname="tests.test_principles" name="test_no_translation_key_is_dead" time="0.023" /><testcase classname="tests.test_principles" name="test_no_domain_does_not_silently_mean_chinese" time="0.006" /><testcase classname="tests.test_principles" name="test_an_unknown_domain_says_what_exists" time="0.000" /><testcase classname="tests.test_principles" name="test_the_domain_scout_only_runs_when_no_vertical_was_declared" time="0.001" /><testcase classname="tests.test_principles" name="test_local_k_never_ships_a_pareto_dominated_split" time="0.000" /><testcase classname="tests.test_principles" name="test_local_k_ranking_does_not_depend_on_candidate_order" time="0.000" /><testcase classname="tests.test_principles" name="test_local_k_is_ranked_on_lift_over_the_null_not_raw_silhouette" time="0.000" /><testcase classname="tests.test_principles" name="test_a_translation_may_never_alter_a_number_or_an_identifier" time="0.001" /><testcase classname="tests.test_principles" name="test_prose_prefers_the_curated_wording_over_a_machine_translation" time="0.001" /><testcase classname="tests.test_provider_failover" name="test_a_billing_failure_is_not_a_retryable_hiccup" time="0.000" /><testcase classname="tests.test_provider_failover" name="test_transient_trouble_must_stay_retryable" time="0.000" /><testcase classname="tests.test_provider_failover" name="test_a_schema_miss_is_not_a_dead_provider" time="0.000" /><testcase classname="tests.test_provider_failover" name="test_a_dead_provider_routes_to_the_alternate" time="0.000" /><testcase classname="tests.test_provider_failover" name="test_it_is_remembered_so_the_outage_is_not_rediscovered_per_call" time="0.000" /><testcase classname="tests.test_provider_failover" name="test_a_second_outage_walks_further_down_the_list" time="0.000" /><testcase classname="tests.test_provider_failover" name="test_suffixed_roles_find_their_fallbacks" time="0.000" /><testcase classname="tests.test_provider_failover" name="test_the_run_summary_says_what_actually_answered" time="0.000" /><testcase classname="tests.test_provider_failover" name="test_cached_clients_are_dropped_when_a_provider_dies" time="0.000" /><testcase classname="tests.test_provider_failover" name="test_token_counts_in_an_error_do_not_kill_a_provider" time="0.000" /><testcase classname="tests.test_provider_failover" name="test_real_status_codes_are_still_caught" time="0.000" /><testcase classname="tests.test_provider_failover" name="test_a_truncation_buys_more_room_not_a_new_provider" time="0.000" /><testcase classname="tests.test_provider_failover" name="test_the_raised_cap_actually_reaches_the_client" time="0.000" /><testcase classname="tests.test_provider_failover" name="test_one_role_learning_a_models_verbosity_serves_every_role_on_it" time="0.001" /><testcase classname="tests.test_provider_failover" name="test_the_bump_is_bounded" time="0.000" /><testcase classname="tests.test_provider_failover" name="test_a_truncation_also_abandons_native_structured_output_for_that_model" time="0.001" /><testcase classname="tests.test_provider_failover" name="test_concurrent_truncations_do_not_compound_the_bump" time="0.000" /><testcase classname="tests.test_provider_failover" name="test_a_truncation_is_recognised_from_the_token_count" time="0.000" /><testcase classname="tests.test_provider_failover" name="test_a_second_floor_is_reachable_when_two_x_still_truncates" time="0.000" /><testcase classname="tests.test_provider_failover" name="test_raising_to_a_floor_stays_idempotent_under_concurrency" time="0.000" /><testcase classname="tests.test_provider_failover" name="test_the_referee_budget_matches_what_it_actually_writes" time="0.000" /><testcase classname="tests.test_provider_failover" name="test_a_structured_status_code_settles_it_without_reading_prose" time="0.000" /><testcase classname="tests.test_provider_failover" name="test_a_token_count_in_the_body_cannot_kill_a_provider_even_with_a_status" time="0.000" /><testcase classname="tests.test_provider_failover" name="test_the_prose_path_still_works_when_there_is_no_status_code" time="0.000" /><testcase classname="tests.test_provider_failover" name="test_a_bool_is_not_a_status_code" time="0.000" /><testcase classname="tests.test_provider_failover" name="test_learned_quirks_round_trip_through_the_shared_file" time="0.001" /><testcase classname="tests.test_provider_failover" name="test_a_smaller_bump_never_overwrites_a_larger_one" time="0.001" /><testcase classname="tests.test_provider_failover" name="test_a_stale_lesson_is_forgotten_so_a_fixed_provider_is_re_learned" time="0.001" /><testcase classname="tests.test_provider_failover" name="test_a_model_that_refuses_response_format_keeps_its_tools" time="0.000" /><testcase classname="tests.test_provider_failover" name="test_a_tool_loop_cut_off_at_its_limit_keeps_what_it_found" time="0.028" /><testcase classname="tests.test_provider_failover" name="test_a_cutoff_with_no_tool_output_does_not_claim_research" time="0.002" /><testcase classname="tests.test_provider_failover" name="test_the_happy_path_still_completes_without_salvage" time="0.005" /><testcase classname="tests.test_provider_failover" name="test_the_probe_finds_a_broken_model_before_a_real_call_pays_for_it" time="0.000" /><testcase classname="tests.test_provider_failover" name="test_a_model_already_known_is_not_probed_again" time="0.000" /><testcase classname="tests.test_provider_failover" name="test_a_hanging_probe_cannot_block_the_run" time="0.304" /><testcase classname="tests.test_provider_failover" name="test_the_probe_schema_is_shaped_like_the_ones_that_actually_fail" time="0.002" /><testcase classname="tests.test_provider_failover" name="test_bulk_classification_roles_do_not_pay_for_reasoning_tokens" time="0.000" /><testcase classname="tests.test_provider_failover" name="test_the_reasoning_switch_reaches_the_request_for_bulk_roles_only" time="0.001" /><testcase classname="tests.test_provider_failover" name="test_a_capable_model_no_provider_publishes_is_reported" time="0.003" /><testcase classname="tests.test_provider_failover" name="test_a_repair_message_does_not_announce_a_mode_the_model_is_already_in" time="0.001" /><testcase classname="tests.test_provider_failover" name="test_a_schema_echo_is_not_an_answer" time="0.001" /><testcase classname="tests.test_provider_failover" name="test_the_parser_refuses_a_schema_echo_rather_than_returning_it_empty" time="0.001" /><testcase classname="tests.test_reference_columns_guard" name="test_legacy_label_columns_are_detected" time="0.001" /><testcase classname="tests.test_reference_columns_guard" name="test_the_dtype_check_is_not_object_specific" time="0.005" /><testcase classname="tests.test_reference_columns_guard" name="test_free_text_and_numeric_columns_are_not_mistaken_for_labels" time="0.001" /><testcase classname="tests.test_reference_columns_guard" name="test_a_corpus_with_only_a_text_column_reports_nothing" time="0.000" /><testcase classname="tests.test_reference_docs" name="test_the_labeling_guide_reaches_the_reader_verbatim" time="0.001" /><testcase classname="tests.test_reference_docs" name="test_every_adjudication_rule_is_delivered_with_its_reasoning" time="0.001" /><testcase classname="tests.test_reference_docs" name="test_a_referee_drafted_rule_is_not_delivered_in_english" time="0.001" /><testcase classname="tests.test_reference_docs" name="test_the_class_catalogue_reports_the_DELIVERED_size" time="0.001" /><testcase classname="tests.test_reference_docs" name="test_a_class_the_clusterer_cannot_see_is_marked_as_such" time="0.001" /><testcase classname="tests.test_reference_docs" name="test_the_tree_is_read_from_the_DELIVERED_partition" time="0.001" /><testcase classname="tests.test_reference_docs" name="test_a_tree_the_audit_no_longer_describes_says_so" time="0.001" /><testcase classname="tests.test_reference_docs" name="test_the_index_lists_only_documents_that_exist" time="0.001" /><testcase classname="tests.test_reference_docs" name="test_each_catalogue_ships_a_machine_readable_twin" time="0.001" /><testcase classname="tests.test_reference_docs" name="test_a_family_says_where_it_lands_on_the_other_route" time="0.001" /><testcase classname="tests.test_reference_docs" name="test_a_missing_crosswalk_does_not_lose_the_tree" time="0.001" /><testcase classname="tests.test_reference_docs" name="test_a_leaf_shows_the_evidence_it_was_named_FROM" time="0.001" /><testcase classname="tests.test_reference_docs" name="test_a_leaf_with_no_naming_card_still_ships" time="0.001" /><testcase classname="tests.test_reference_docs" name="test_an_audit_definition_is_only_shown_when_it_describes_THIS_family" time="0.001" /><testcase classname="tests.test_reference_docs" name="test_the_L2_sub_intents_section_is_not_silently_empty" time="0.001" /><testcase classname="tests.test_reference_docs" name="test_a_family_label_never_hides_its_denominator" time="0.000" /><testcase classname="tests.test_reference_docs" name="test_a_family_with_an_unnamed_leaf_is_not_called_clean" time="0.000" /><testcase classname="tests.test_reference_docs" name="test_the_composition_accounts_for_every_row_of_the_family" time="0.000" /><testcase classname="tests.test_reference_docs" name="test_the_machine_readable_twin_does_not_put_a_label_in_a_name_column" time="0.001" /><testcase classname="tests.test_reference_docs" name="test_the_notebook_does_not_re_implement_the_family_join" time="0.000" /><testcase classname="tests.test_reference_docs" name="test_the_index_never_hardcodes_a_corpus_number" time="0.000" /><testcase classname="tests.test_reference_docs" name="test_the_index_fills_its_placeholders_from_the_taxonomy" time="0.001" /><testcase classname="tests.test_render_command" name="test_render_never_writes_over_the_generation_it_read" time="0.001" /><testcase classname="tests.test_render_command" name="test_no_agents_switches_the_agents_OFF_rather_than_to_a_stand_in" time="0.001" /><testcase classname="tests.test_render_command" name="test_the_pre_delivery_auditor_has_a_gate_at_all" time="0.001" /><testcase classname="tests.test_render_command" name="test_render_loads_the_environment_before_detecting_providers" time="0.001" /><testcase classname="tests.test_render_command" name="test_a_rendered_generation_can_itself_be_rendered" time="0.001" /><testcase classname="tests.test_render_command" name="test_recover_state_reports_what_it_could_not_find" time="0.000" /><testcase classname="tests.test_render_command" name="test_an_agent_step_that_is_off_still_records_that_it_was_off[final_report]" time="0.001" /><testcase classname="tests.test_render_command" name="test_an_agent_step_that_is_off_still_records_that_it_was_off[delivery_audit]" time="0.001" /><testcase classname="tests.test_render_command" name="test_one_threshold_can_name_several_observed_values" time="0.000" /><testcase classname="tests.test_render_command" name="test_a_boolean_observation_is_not_a_measurement" time="0.000" /><testcase classname="tests.test_render_command" name="test_a_stored_gate_can_be_read_back_into_state" time="0.000" /><testcase classname="tests.test_render_command" name="test_a_render_does_not_overwrite_the_run_s_own_spend_record" time="0.001" /><testcase classname="tests.test_render_command" name="test_a_second_render_opens_a_NEW_generation_not_the_same_one" time="0.001" /><testcase classname="tests.test_render_command" name="test_a_rendered_generation_sees_the_run_s_evidence" time="0.001" /><testcase classname="tests.test_risk_sentinel_degradation" name="test_a_refused_risk_sentinel_degrades_instead_of_halting_the_run" time="0.005" /><testcase classname="tests.test_risk_sentinel_degradation" name="test_the_namers_own_flags_still_reach_governance_when_the_sentinel_is_gone" time="0.004" /><testcase classname="tests.test_routing" name="test_run_critical_roles_never_get_a_cheap_unvetted_model" time="0.001" /><testcase classname="tests.test_routing" name="test_high_volume_roles_are_not_given_frontier_prices" time="0.001" /><testcase classname="tests.test_routing" name="test_models_without_structured_output_are_excluded" time="0.001" /><testcase classname="tests.test_routing" name="test_models_below_the_context_floor_are_excluded" time="0.001" /><testcase classname="tests.test_routing" name="test_image_emitting_models_are_excluded" time="0.001" /><testcase classname="tests.test_routing" name="test_deprecated_models_are_excluded" time="0.001" /><testcase classname="tests.test_routing" name="test_fallbacks_come_from_other_providers" time="0.001" /><testcase classname="tests.test_routing" name="test_the_two_annotators_are_routed_to_different_providers" time="0.001" /><testcase classname="tests.test_routing" name="test_single_provider_shares_annotators_but_says_so" time="0.000" /><testcase classname="tests.test_routing" name="test_explicit_overrides_beat_the_router" time="0.000" /><testcase classname="tests.test_routing" name="test_a_pin_too_new_for_the_catalogue_can_still_name_its_provider" time="0.000" /><testcase classname="tests.test_routing" name="test_a_pin_that_names_no_reachable_provider_fails_before_the_run_starts" time="0.001" /><testcase classname="tests.test_routing" name="test_an_unroutable_pin_does_not_degrade_to_the_static_tiers" time="0.001" /><testcase classname="tests.test_routing" name="test_no_reachable_model_is_reported_not_silently_dropped" time="0.000" /><testcase classname="tests.test_routing" name="test_budget_overrun_names_the_roles_that_actually_matter" time="0.001" /><testcase classname="tests.test_routing" name="test_cost_sensitivity_tracks_volume_and_stakes" time="0.000" /><testcase classname="tests.test_routing" name="test_every_registered_role_has_a_requirement" time="0.000" /><testcase classname="tests.test_routing" name="test_job_estimate_is_dominated_by_the_annotators" time="0.000" /><testcase classname="tests.test_routing" name="test_provider_detection_reads_the_environment" time="0.000" /><testcase classname="tests.test_routing" name="test_catalog_degrades_without_network_or_cache" time="0.001" /><testcase classname="tests.test_routing" name="test_fenced_json_is_salvaged_not_rerequested" time="0.000" /><testcase classname="tests.test_routing" name="test_prose_wrapped_json_is_salvaged" time="0.000" /><testcase classname="tests.test_routing" name="test_salvage_declines_when_there_is_nothing_to_recover" time="0.000" /><testcase classname="tests.test_routing" name="test_permanent_schema_failures_are_told_from_transient_ones" time="0.000" /><testcase classname="tests.test_routing" name="test_a_region_probe_never_caches_a_host_it_has_evidence_against" time="0.001" /><testcase classname="tests.test_routing" name="test_output_budgets_cover_what_the_roles_actually_emit" time="0.000" /><testcase classname="tests.test_routing" name="test_retries_are_not_multiplied_by_a_second_layer" time="0.000" /><testcase classname="tests.test_routing" name="test_a_reasoning_role_is_not_timed_at_writing_speed" time="0.000" /><testcase classname="tests.test_routing" name="test_a_role_is_always_given_time_to_emit_its_own_budget" time="0.000" /><testcase classname="tests.test_routing" name="test_the_generation_cap_and_the_cost_estimate_are_separate_questions" time="0.000" /><testcase classname="tests.test_routing" name="test_a_pinned_role_still_counts_toward_the_estimated_total" time="0.001" /><testcase classname="tests.test_routing" name="test_the_router_says_when_price_could_not_rank_the_candidates" time="0.001" /><testcase classname="tests.test_routing" name="test_the_referee_is_a_run_blast_radius_role" time="0.000" /><testcase classname="tests.test_routing" name="test_the_capable_models_list_gates_expensive_roles_and_price_only_breaks_ties" time="0.001" /><testcase classname="tests.test_routing" name="test_a_contained_high_volume_role_is_left_to_price" time="0.001" /><testcase classname="tests.test_routing" name="test_the_gate_falls_back_loudly_rather_than_leaving_a_role_unserved" time="0.001" /><testcase classname="tests.test_routing" name="test_the_adversary_is_a_run_blast_radius_role" time="0.000" /><testcase classname="tests.test_routing" name="test_annotator_balance_reproduces_both_live_runs" time="0.001" /><testcase classname="tests.test_routing" name="test_annotator_balance_uses_z_not_a_fixed_share" time="0.000" /><testcase classname="tests.test_routing" name="test_an_agreed_row_is_not_counted_as_a_win" time="0.000" /><testcase classname="tests.test_routing" name="test_a_model_with_no_published_price_is_flagged_not_costed_at_zero" time="0.001" /><testcase classname="tests.test_routing" name="test_the_balance_gate_says_it_is_diagnostic_only" time="0.000" /><testcase classname="tests.test_routing" name="test_the_run_prints_which_model_does_which_job_before_it_starts" time="0.001" /><testcase classname="tests.test_routing" name="test_the_plan_output_names_an_unserved_role_rather_than_omitting_it" time="0.000" /><testcase classname="tests.test_routing" name="test_a_labs_own_endpoint_beats_a_gateway_reselling_the_same_model" time="0.000" /><testcase classname="tests.test_routing" name="test_the_direct_promotion_does_not_override_a_capability_gate" time="0.000" /><testcase classname="tests.test_routing" name="test_the_default_posture_is_REAL_agents" time="0.003" /><testcase classname="tests.test_routing" name="test_auto_means_whatever_is_reachable_not_anthropic" time="0.000" /><testcase classname="tests.test_routing" name="test_the_free_commands_stay_free" time="0.001" /><testcase classname="tests.test_routing" name="test_a_config_the_caller_names_still_wins" time="0.003" /><testcase classname="tests.test_routing" name="test_the_preflight_routes_against_the_config_a_run_would_use" time="0.001" /><testcase classname="tests.test_routing" name="test_doctor_checks_the_providers_this_project_actually_uses" time="0.000" /><testcase classname="tests.test_routing" name="test_an_override_for_a_suffixed_role_is_actually_planned" time="0.000" /><testcase classname="tests.test_routing" name="test_an_override_naming_no_known_role_warns" time="0.000" /><testcase classname="tests.test_rule_conflicts" name="test_two_rules_that_fire_on_the_same_rows_and_disagree_are_found" time="0.000" /><testcase classname="tests.test_rule_conflicts" name="test_a_legitimate_discriminating_pair_is_not_flagged" time="0.000" /><testcase classname="tests.test_rule_conflicts" name="test_rules_that_agree_are_never_a_conflict" time="0.000" /><testcase classname="tests.test_rule_conflicts" name="test_prose_rules_are_not_measurable_and_are_not_guessed_at" time="0.000" /><testcase classname="tests.test_rule_conflicts" name="test_a_contested_boundary_is_reported_by_its_crowding" time="0.000" /><testcase classname="tests.test_rule_conflicts" name="test_a_broken_trigger_regex_is_reported_not_crashed" time="0.000" /><testcase classname="tests.test_rule_conflicts" name="test_incidental_co_hits_are_below_the_floor" time="0.000" /><testcase classname="tests.test_rules_against_evidence" name="test_a_no_marker_trigger_is_not_a_regex" time="0.000" /><testcase classname="tests.test_rules_against_evidence" name="test_a_no_marker_rule_alone_on_its_boundary_is_left_unmeasured" time="0.000" /><testcase classname="tests.test_rules_against_evidence" name="test_a_trigger_must_fire_on_the_rules_own_evidence" time="0.000" /><testcase classname="tests.test_rules_against_evidence" name="test_a_trigger_that_matches_everything_or_nothing_is_refused" time="0.000" /><testcase classname="tests.test_rules_against_evidence" name="test_a_rejected_trigger_makes_a_rule_semantic_not_broken" time="0.000" /><testcase classname="tests.test_rules_against_evidence" name="test_the_live39_boundary_is_found_by_its_stated_ground_not_by_direction" time="0.000" /><testcase classname="tests.test_rules_against_evidence" name="test_one_rule_pointing_at_the_minority_is_an_exception_not_a_defect" time="0.000" /><testcase classname="tests.test_rules_against_evidence" name="test_an_evenly_split_boundary_carries_no_direction_to_contradict" time="0.000" /><testcase classname="tests.test_rules_against_evidence" name="test_a_boundary_with_too_few_rows_says_nothing_at_all" time="0.000" /><testcase classname="tests.test_rules_against_evidence" name="test_a_row_nobody_adjudicated_is_not_evidence" time="0.000" /><testcase classname="tests.test_rules_against_evidence" name="test_a_lexical_rule_is_judged_on_the_rows_its_trigger_claims" time="0.000" /><testcase classname="tests.test_rules_against_evidence" name="test_nothing_is_deleted_or_rewritten" time="0.000" /><testcase classname="tests.test_rules_against_evidence" name="test_find_conflicts_still_measures_overlap_on_the_corpus" time="0.000" /><testcase classname="tests.test_rules_against_evidence" name="test_a_then_holding_a_sentence_is_reduced_to_the_class_it_names" time="0.000" /><testcase classname="tests.test_rules_against_evidence" name="test_a_then_naming_two_classes_is_refused_rather_than_guessed" time="0.000" /><testcase classname="tests.test_rules_against_evidence" name="test_a_class_code_is_matched_on_token_boundaries" time="0.000" /><testcase classname="tests.test_rules_against_evidence" name="test_a_prose_then_would_be_counted_against_every_boundary_it_touches" time="0.000" /><testcase classname="tests.test_rules_against_evidence" name="test_find_conflicts_does_not_call_two_sentences_a_disagreement" time="0.000" /><testcase classname="tests.test_rules_against_evidence" name="test_counting_rule_directions_is_confounded_by_the_drafting_rate" time="0.000" /><testcase classname="tests.test_rules_against_evidence" name="test_a_stated_ground_that_divides_no_row_is_flagged" time="0.000" /><testcase classname="tests.test_rules_against_evidence" name="test_a_stated_ground_that_does_divide_the_boundary_passes" time="0.000" /><testcase classname="tests.test_rules_against_evidence" name="test_a_marker_enumeration_is_split_and_a_template_is_refused" time="0.000" /><testcase classname="tests.test_rules_against_evidence" name="test_an_example_query_is_not_mistaken_for_a_marker" time="0.000" /><testcase classname="tests.test_rules_against_evidence" name="test_a_boundary_with_no_usable_marker_gets_no_verdict" time="0.000" /><testcase classname="tests.test_rules_against_evidence" name="test_a_count_and_the_list_beside_it_describe_the_same_thing" time="0.001" /><testcase classname="tests.test_rules_against_evidence" name="test_the_two_unkeyed_then_lists_are_named_for_different_populations" time="0.000" /><testcase classname="tests.test_selection" name="test_domination_removes_candidates_without_any_judgement" time="0.000" /><testcase classname="tests.test_selection" name="test_a_row_missing_a_metric_is_not_silently_discarded" time="0.000" /><testcase classname="tests.test_selection" name="test_the_noise_floor_recovers_a_dispersion_measured_another_way" time="0.001" /><testcase classname="tests.test_selection" name="test_noise_is_measured_on_the_full_sweep_not_the_frontier" time="0.000" /><testcase classname="tests.test_selection" name="test_a_tie_is_reported_as_a_tie_rather_than_a_ranking" time="0.000" /><testcase classname="tests.test_selection" name="test_the_band_says_when_it_had_to_fall_back" time="0.000" /><testcase classname="tests.test_selection" name="test_a_lucky_challenger_does_not_displace_the_incumbent" time="0.000" /><testcase classname="tests.test_selection" name="test_an_unmeasurable_noise_floor_protects_the_incumbent" time="0.000" /><testcase classname="tests.test_selection" name="test_the_record_says_whether_a_real_tradeoff_was_made" time="0.000" /><testcase classname="tests.test_taxonomy_redraw" name="test_an_improving_redraw_is_kept" time="0.000" /><testcase classname="tests.test_taxonomy_redraw" name="test_a_redraw_that_lowers_kappa_is_reverted" time="0.000" /><testcase classname="tests.test_taxonomy_redraw" name="test_the_revert_restores_the_original_definitions" time="0.000" /><testcase classname="tests.test_taxonomy_redraw" name="test_the_loop_stops_when_there_is_nothing_structural_to_fix" time="0.000" /><testcase classname="tests.test_taxonomy_redraw" name="test_the_loop_stops_when_the_slack_is_not_significant" time="0.000" /><testcase classname="tests.test_taxonomy_redraw" name="test_the_loop_is_skipped_offline" time="0.000" /><testcase classname="tests.test_taxonomy_redraw" name="test_the_loop_is_bounded" time="0.000" /><testcase classname="tests.test_taxonomy_redraw" name="test_a_redraw_that_helped_still_counts_as_a_spent_remedy" time="0.000" /><testcase classname="tests.test_taxonomy_redraw" name="test_an_improving_redraw_is_not_penalised_against_a_failing_one" time="0.000" /><testcase classname="tests.test_taxonomy_redraw" name="test_using_every_allowed_attempt_exhausts_the_remedy" time="0.000" /><testcase classname="tests.test_taxonomy_redraw" name="test_a_remedy_with_attempts_remaining_is_not_exhausted" time="0.000" /><testcase classname="tests.test_taxonomy_redraw" name="test_no_redraw_at_all_is_not_an_exhausted_remedy" time="0.000" /><testcase classname="tests.test_taxonomy_redraw" name="test_a_healthy_batch_makes_exactly_one_call" time="0.000" /><testcase classname="tests.test_taxonomy_redraw" name="test_a_failed_batch_is_split_and_recovered" time="0.000" /><testcase classname="tests.test_taxonomy_redraw" name="test_a_half_that_also_fails_loses_only_its_own_rows" time="0.000" /><testcase classname="tests.test_taxonomy_redraw" name="test_the_split_is_not_recursive" time="0.000" /><testcase classname="tests.test_taxonomy_redraw" name="test_each_recovered_half_binds_the_next" time="0.000" /><testcase classname="tests.test_taxonomy_redraw" name="test_a_merge_prunes_the_rules_that_routed_to_the_removed_class" time="0.000" /><testcase classname="tests.test_taxonomy_redraw" name="test_a_redraw_that_drops_nothing_touches_no_rules" time="0.000" /><testcase classname="tests.test_taxonomy_redraw" name="test_no_class_pair_is_ever_split_across_two_GROUPS" time="0.000" /><testcase classname="tests.test_taxonomy_redraw" name="test_an_oversized_pair_is_split_into_SEQUENTIAL_chunks_in_one_group" time="0.000" /><testcase classname="tests.test_taxonomy_redraw" name="test_small_pairs_are_packed_so_the_group_count_stays_near_minimum" time="0.000" /><testcase classname="tests.test_taxonomy_redraw" name="test_the_referee_prompt_does_not_depend_on_sibling_completion_order" time="0.002" /><testcase classname="tests.test_taxonomy_redraw" name="test_a_referee_typo_is_repaired_and_an_invented_class_is_refused" time="0.001" /></testsuite></testsuites>